<?xml version="1.0" encoding="UTF-8"?>
<!-- Generated by org.testng.reporters.JUnitReportReporter -->
<testsuite hostname="admin-PC" failures="0" tests="4" name="SeleniumAutomation.InterviewQuestion.API" time="9.023" errors="0" timestamp="18 Dec 2020 01:11:25 GMT">
  <testcase classname="SeleniumAutomation.InterviewQuestion.API" name="RatesAPI" time="5.843"/>
  <testcase classname="SeleniumAutomation.InterviewQuestion.API" name="RatesWrongAPI" time="1.043"/>
  <testcase classname="SeleniumAutomation.InterviewQuestion.API" name="RatesAPINextDate" time="1.069"/>
  <testcase classname="SeleniumAutomation.InterviewQuestion.API" name="RatesAPIForDate" time="1.068"/>
</testsuite> <!-- SeleniumAutomation.InterviewQuestion.API -->
